2009-06-21 01:37:38,092 DEBUG    pano.statesFactory  	registering state initState for class <class 'control.InitGameState.InitGameState'>
2009-06-21 01:37:38,108 DEBUG    pano.statesFactory  	registering state exploreState for class <class 'control.ExploreState.ExploreState'>
2009-06-21 01:37:38,108 DEBUG    pano.statesFactory  	registering state pausedState for class <class 'control.PausedState.PausedState'>
2009-06-21 01:37:38,108 DEBUG    pano.statesFactory  	registering state consoleState for class <class 'control.ConsoleState.ConsoleState'>
2009-06-21 01:37:38,108 DEBUG    pano.statesFactory  	registering state introState for class <class 'control.IntroState.IntroState'>
2009-06-21 01:37:38,108 DEBUG    pano.statesFactory  	registering state inventoryState for class <class 'control.InventoryState.InventoryState'>
2009-06-21 01:37:38,108 DEBUG    pano.statesFactory  	registering state creditsState for class <class 'control.CreditsState.CreditsState'>
2009-06-21 01:37:38,108 DEBUG    pano.initState      	entered in initState
2009-06-21 01:37:38,108 DEBUG    pano.initState      	entered initial state
2009-06-21 01:37:38,108 DEBUG    pano.view           	hiding mouse pointer
2009-06-21 01:37:38,187 INFO     pano.initState      	********************
2009-06-21 01:37:38,187 INFO     pano.initState      	Platform Information
2009-06-21 01:37:38,203 INFO     pano.initState      	********************
2009-06-21 01:37:38,217 INFO     pano.initState      	**Platform ID: Windows-XP-5.1.2600-SP3
2009-06-21 01:37:38,217 INFO     pano.initState      	**CPU ID: GenuineIntel 	 Intel(R) Core(TM)2 CPU          4400  @ 2.00GHz
2009-06-21 01:37:38,217 INFO     pano.initState      	**Physical memory: 2146480128 total, 666480640 available
2009-06-21 01:37:38,217 INFO     pano.initState      	**Display driver: 
2009-06-21 01:37:38,217 INFO     pano.initState      	**Shader model: 4
2009-06-21 01:37:38,217 INFO     pano.initState      	**Texture memory: 945815552
2009-06-21 01:37:38,217 INFO     pano.initState      	**Python version: 2.6.2, build: ('r262:71605', 'Apr 14 2009 22:40:02')
2009-06-21 01:37:38,280 ERROR    pano.resourceLoader 	Failed to locate resource global.mappings
2009-06-21 01:37:38,296 DEBUG    pano.cubemapRenderer	None
2009-06-21 01:37:38,296 DEBUG    pano.postProcessMgr 	Registering filter factory Common filters factory
2009-06-21 01:37:38,296 DEBUG    pano.camera         	Missing configuration for mouse horizontal speed, defaulting to 45.0
2009-06-21 01:37:38,296 DEBUG    pano.camera         	Missing configuration for mouse vertical speed, defaulting to 45.0
2009-06-21 01:37:38,312 ERROR    pano.inventoryView  	Missing or invalid inventory configuration
2009-06-21 01:37:38,312 DEBUG    pano.langParser     	Parsing file labels_en
2009-06-21 01:37:38,390 DEBUG    pano.introState     	video intro delay: 0.000000
2009-06-21 01:37:38,390 ERROR    pano.resourceLoader 	Failed to locate resource intro.mappings
2009-06-21 01:37:38,390 DEBUG    pano.introState     	No videos defined, switching to explore state
2009-06-21 01:37:38,390 DEBUG    pano.inputMap       	cleared mappings
2009-06-21 01:37:38,390 DEBUG    pano.exploreState   	entered in exploreState
2009-06-21 01:37:38,390 DEBUG    pano.inputMap       	set mappings to Mappings explore, values: {u'p': u'acPause', u'mouse1': u'acMouseAction', u'mouse3': u'acMouseLook', u'escape': u'acExit'}
2009-06-21 01:37:38,390 DEBUG    pano.exploreState   	Executing script file .\sudoku.py
2009-06-21 01:37:38,390 DEBUG    pano.exploreState   	restoring state for nodescript sudoku
2009-06-21 01:37:39,092 DEBUG    pano.view           	Choosed Node2DRenderer
2009-06-21 01:37:39,140 DEBUG    sudoku              	entered in sudoku
2009-06-21 01:37:39,592 WARNING  pano.exploreState   	No playlist found, there will be no music
2009-06-21 01:37:43,562 DEBUG    pano.exploreState   	Clicked on hotspot cell_50, ()
2009-06-21 01:37:43,562 DEBUG    pano.exploreState   	sending hotspot action msg
2009-06-21 01:37:43,562 DEBUG    sudoku              	new cell value: 4
2009-06-21 01:37:43,562 DEBUG    pano.render2D       	Replacing hotspot's cell_50 sprite with 4
2009-06-21 01:37:43,562 DEBUG    pano.render2D       	Removing hotspot cell_50
2009-06-21 01:37:44,500 DEBUG    pano.exploreState   	Clicked on hotspot cell_50, ()
2009-06-21 01:37:44,500 DEBUG    pano.exploreState   	sending hotspot action msg
2009-06-21 01:37:44,500 DEBUG    sudoku              	new cell value: 5
2009-06-21 01:37:44,500 DEBUG    pano.render2D       	Replacing hotspot's cell_50 sprite with 5
2009-06-21 01:37:44,500 DEBUG    pano.render2D       	Removing hotspot cell_50
2009-06-21 01:37:45,453 DEBUG    pano.exploreState   	Clicked on hotspot cell_50, ()
2009-06-21 01:37:45,453 DEBUG    pano.exploreState   	sending hotspot action msg
2009-06-21 01:37:45,453 DEBUG    sudoku              	new cell value: 6
2009-06-21 01:37:45,453 DEBUG    pano.render2D       	Replacing hotspot's cell_50 sprite with 6
2009-06-21 01:37:45,453 DEBUG    pano.render2D       	Removing hotspot cell_50
2009-06-21 01:37:46,030 DEBUG    pano.exploreState   	Clicked on hotspot cell_50, ()
2009-06-21 01:37:46,030 DEBUG    pano.exploreState   	sending hotspot action msg
2009-06-21 01:37:46,030 DEBUG    sudoku              	new cell value: 7
2009-06-21 01:37:46,030 DEBUG    pano.render2D       	Replacing hotspot's cell_50 sprite with 7
2009-06-21 01:37:46,030 DEBUG    pano.render2D       	Removing hotspot cell_50
